
Showing logs for build [32mcb-kubecd-environment-pr-1466-1-4fcr2-1[0m stage [32mfrom-build-pack[0m and container [32mstep-credential-initializer-nr6zf[0m
{"level":"info","ts":1588667110.8141527,"logger":"fallback-logger","caller":"logging/config.go:69","msg":"Fetch GitHub commit ID from kodata failed: open /var/run/ko/refs/heads/0.8.0-ns-support: no such file or directory"}
{"level":"info","ts":1588667110.8148403,"logger":"fallback-logger","caller":"creds-init/main.go:40","msg":"Credentials initialized."}

Showing logs for build [32mcb-kubecd-environment-pr-1466-1-4fcr2-1[0m stage [32mfrom-build-pack[0m and container [32mstep-working-dir-initializer-4tzqm[0m
{"level":"info","ts":1588667111.829646,"logger":"fallback-logger","caller":"logging/config.go:69","msg":"Fetch GitHub commit ID from kodata failed: open /var/run/ko/HEAD: no such file or directory"}
{"level":"info","ts":1588667111.8311975,"logger":"fallback-logger","caller":"bash/main.go:64","msg":"Successfully executed command \"sh -c mkdir -p /workspace/source\"; output "}

Showing logs for build [32mcb-kubecd-environment-pr-1466-1-4fcr2-1[0m stage [32mfrom-build-pack[0m and container [32mstep-place-tools[0m

Showing logs for build [32mcb-kubecd-environment-pr-1466-1-4fcr2-1[0m stage [32mfrom-build-pack[0m and container [32mstep-git-source-cb-kubecd-environment-pr-1466-1-4fcr2-5fccq[0m
{"level":"info","ts":1588667115.8715265,"logger":"fallback-logger","caller":"logging/config.go:69","msg":"Fetch GitHub commit ID from kodata failed: open /var/run/ko/refs/heads/0.8.0-ns-support: no such file or directory"}
{"level":"info","ts":1588667116.9010205,"logger":"fallback-logger","caller":"git/git.go:103","msg":"Successfully cloned https://github.com/cb-kubecd/environment-pr-1466-11-bdd-frontend-staging.git @ master in path /workspace/source"}

Showing logs for build [32mcb-kubecd-environment-pr-1466-1-4fcr2-1[0m stage [32mfrom-build-pack[0m and container [32mstep-git-merge[0m
Using SHAs from PULL_REFS=master:844070d125267cef72969d09572d9b0486e7637f,1:c07ea6e55cafe7c167447b7c46d038f6b9bd1561
DEBUG: LC_ALL=C JX_LOG_LEVEL=error git fetch origin --unshallow c07ea6e55cafe7c167447b7c46d038f6b9bd1561: 844070d125267cef72969d09572d9b0486e7637f:
DEBUG: ran git fetch --unshallow origin c07ea6e55cafe7c167447b7c46d038f6b9bd1561: 844070d125267cef72969d09572d9b0486e7637f: in 
DEBUG: LC_ALL=C JX_LOG_LEVEL=error git branch
DEBUG: LC_ALL=C JX_LOG_LEVEL=error git checkout master
DEBUG: ran git checkout master in 
DEBUG: LC_ALL=C JX_LOG_LEVEL=error git reset --hard 844070d125267cef72969d09572d9b0486e7637f
DEBUG: ran git reset --hard 844070d125267cef72969d09572d9b0486e7637f in 
DEBUG: LC_ALL=C JX_LOG_LEVEL=error git clean -fd .
DEBUG: ran clean --force -d . in 
DEBUG: LC_ALL=C JX_LOG_LEVEL=error git merge c07ea6e55cafe7c167447b7c46d038f6b9bd1561
DEBUG: ran git merge c07ea6e55cafe7c167447b7c46d038f6b9bd1561 in 
DEBUG: LC_ALL=C JX_LOG_LEVEL=error git log --format=%H%x1f%an%x1f%ae%x1f%cn%x1f%ce%x1f%s%n%b%x1e 844070d125267cef72969d09572d9b0486e7637f..HEAD
Merged SHA c07ea6e55cafe7c167447b7c46d038f6b9bd1561 with commit message 'chore: Promote bdd-nh-1588666161 to version 0.0.1' into base branch master

Showing logs for build [32mcb-kubecd-environment-pr-1466-1-4fcr2-1[0m stage [32mfrom-build-pack[0m and container [32mstep-build-helm-build[0m
WARNING: No $CHART_REPOSITORY defined so using the default value of: http://jenkins-x-chartmuseum:8080
Adding missing Helm repo: storage.googleapis.com https://storage.googleapis.com/chartmuseum.jenkins-x.io
WARNING: No secrets found on "helm/repos" due: reading the secret "helm/repos" from vault: no secret "helm/repos" not found in vault
Read credentials for https://storage.googleapis.com/chartmuseum.jenkins-x.io from vault helm/repos
Successfully added Helm repository storage.googleapis.com.
Adding missing Helm repo: jenkins-x-chartmuseum http://jenkins-x-chartmuseum:8080
WARNING: No secrets found on "helm/repos" due: reading the secret "helm/repos" from vault: no secret "helm/repos" not found in vault
Read credentials for http://jenkins-x-chartmuseum:8080 from vault helm/repos
Successfully added Helm repository jenkins-x-chartmuseum.
WARNING: No $CHART_REPOSITORY defined so using the default value of: http://jenkins-x-chartmuseum:8080
Adding missing Helm repo: chartmuseum.jenkins-x.io http://chartmuseum.jenkins-x.io
WARNING: No secrets found on "helm/repos" due: reading the secret "helm/repos" from vault: no secret "helm/repos" not found in vault
Read credentials for http://chartmuseum.jenkins-x.io from vault helm/repos
Successfully added Helm repository chartmuseum.jenkins-x.io.
